<?xml version="1.0" encoding="UTF-8"?>
<!-- Generated by org.testng.reporters.JUnitXMLReporter -->
<testsuite hostname="HDC0005363" ignored="0" name="Default test" tests="3" failures="0" timestamp="04 Jul 2018 13:25:48 GMT" time="68.708" errors="0">
  <testcase name="verifyHomePageTitleTest" time="0.021" classname="com.crm.qa.testcases.HomePageTest"/>
  <testcase name="verifyUserNameTest" time="0.109" classname="com.crm.qa.testcases.HomePageTest"/>
  <testcase name="verifyContactsLinkTest" time="4.098" classname="com.crm.qa.testcases.HomePageTest"/>
</testsuite> <!-- Default test -->
